<?xml version='1.0'?>
<ns2:test-suite xmlns:ns2='urn:model.allure.qatools.yandex.ru' start='1590554912335' stop='1590554912374'>
    <name>Login: Login &amp; logout</name>
    <title>Login: Login &amp; logout</title>
    <test-cases>
        <test-case start='1590554912342' status='passed' stop='1590554912354'>
            <name>Hook</name>
            <title>Hook</title>
            <labels>
                <label name='language' value='javascript'/>
                <label name='framework' value='wdio'/>
                <label name='thread' value='0-0'/>
            </labels>
            <parameters>
                <parameter kind='argument' name='browser' value='chrome'/>
            </parameters>
            <steps/>
            <attachments/>
        </test-case>
        <test-case start='1590554912356' status='broken' stop='1590554912362'>
            <name>Given Browser &amp; url</name>
            <title>Given Browser &amp; url</title>
            <labels>
                <label name='language' value='javascript'/>
                <label name='framework' value='wdio'/>
                <label name='thread' value='0-0'/>
            </labels>
            <parameters>
                <parameter kind='argument' name='browser' value='chrome'/>
            </parameters>
            <steps/>
            <attachments/>
            <failure>
                <message>Step "Given Browser &amp; url" is not definedYou can ignore this error by setting cucumberOpts.ignoreUndefinedDefinitions as true.</message>
                <stack-trace>undefined:undefined</stack-trace>
            </failure>
        </test-case>
        <test-case start='1590554912362' status='broken' stop='1590554912364'>
            <name>When Insert Credentials</name>
            <title>When Insert Credentials</title>
            <labels>
                <label name='language' value='javascript'/>
                <label name='framework' value='wdio'/>
                <label name='thread' value='0-0'/>
            </labels>
            <parameters>
                <parameter kind='argument' name='browser' value='chrome'/>
            </parameters>
            <steps/>
            <attachments/>
            <failure>
                <message>Step "When Insert Credentials" is not definedYou can ignore this error by setting cucumberOpts.ignoreUndefinedDefinitions as true.</message>
                <stack-trace>undefined:undefined</stack-trace>
            </failure>
        </test-case>
        <test-case start='1590554912364' status='broken' stop='1590554912365'>
            <name>Then Url should open &amp; login in website</name>
            <title>Then Url should open &amp; login in website</title>
            <labels>
                <label name='language' value='javascript'/>
                <label name='framework' value='wdio'/>
                <label name='thread' value='0-0'/>
            </labels>
            <parameters>
                <parameter kind='argument' name='browser' value='chrome'/>
            </parameters>
            <steps/>
            <attachments/>
            <failure>
                <message>Step "Then Url should open &amp; login in website" is not definedYou can ignore this error by setting cucumberOpts.ignoreUndefinedDefinitions as true.</message>
                <stack-trace>undefined:undefined</stack-trace>
            </failure>
        </test-case>
        <test-case start='1590554912367' status='passed' stop='1590554912370'>
            <name>Hook</name>
            <title>Hook</title>
            <labels>
                <label name='language' value='javascript'/>
                <label name='framework' value='wdio'/>
                <label name='thread' value='0-0'/>
            </labels>
            <parameters>
                <parameter kind='argument' name='browser' value='chrome'/>
            </parameters>
            <steps/>
            <attachments/>
        </test-case>
    </test-cases>
</ns2:test-suite>